19:55:04 **** Incremental Build of configuration Debug for project car ****
make all 
Building file: ../main.c
Invoking: AVR Compiler
avr-gcc -Wall -g2 -gstabs -O3 -fpack-struct -fshort-enums -ffunction-sections -fdata-sections -std=gnu99 -funsigned-char -funsigned-bitfields -mmcu=atmega32 -DF_CPU=1000000UL -MMD -MP -MF"main.d" -MT"main.o" -c -o "main.o" "../main.c"
../main.c: In function 'init':
../main.c:258: warning: implicit declaration of function 'Button_setCallBack'
../main.c: At top level:
../button.h:18: warning: 'g_callBackPtrReceive' defined but not used
Finished building: ../main.c
 
Building target: car.elf
Invoking: AVR C Linker
avr-gcc -Wl,-Map,car.map -mmcu=atmega32 -o "car.elf"  ./Internal_EEPROM_prg.o ./WatchDog.o ./adc.o ./button.o ./gpio.o ./lm35_sensor.o ./main.o ./motor.o ./pwm.o ./timer1.o ./uart.o   
Finished building target: car.elf
 
Invoking: AVR Create Extended Listing
avr-objdump -h -S car.elf  >"car.lss"
Finished building: car.lss
 
Create Flash image (ihex format)
avr-objcopy -R .eeprom -R .fuse -R .lock -R .signature -O ihex car.elf  "car.hex"
Finished building: car.hex
 
Invoking: Print Size
avr-size --format=avr --mcu=atmega32 car.elf
AVR Memory Usage
----------------
Device: atmega32

Program:    6708 bytes (20.5% Full)
(.text + .data + .bootloader)

Data:        273 bytes (13.3% Full)
(.data + .bss + .noinit)


Finished building: sizedummy
 

19:55:12 Build Finished. 0 errors, 2 warnings. (took 7s.418ms)

