06:10:10 **** Incremental Build of configuration Debug for project car2 ****
make all 
Building file: ../main.c
Invoking: AVR Compiler
avr-gcc -Wall -g2 -gstabs -O0 -fpack-struct -fshort-enums -ffunction-sections -fdata-sections -std=gnu99 -funsigned-char -funsigned-bitfields -mmcu=atmega16 -DF_CPU=1000000UL -MMD -MP -MF"main.d" -MT"main.o" -c -o "main.o" "../main.c"
In file included from ../main.c:11:
c:/winavr-20100110/lib/gcc/../../avr/include/util/delay.h:90:3: warning: #warning "Compiler optimizations disabled; functions from <util/delay.h> won't work as designed"
Finished building: ../main.c
 
Building target: car2.elf
Invoking: AVR C Linker
avr-gcc -Wl,-Map,car2.map -mmcu=atmega16 -o "car2.elf"  ./gpio.o ./main.o ./uart.o   
Finished building target: car2.elf
 
Invoking: AVR Create Extended Listing
avr-objdump -h -S car2.elf  >"car2.lss"
Finished building: car2.lss
 
Invoking: Print Size
avr-size --format=avr --mcu=atmega16 car2.elf
AVR Memory Usage
----------------
Device: atmega16

Program:    2442 bytes (14.9% Full)
(.text + .data + .bootloader)

Data:         14 bytes (1.4% Full)
(.data + .bss + .noinit)


Finished building: sizedummy
 

06:10:15 Build Finished. 0 errors, 1 warnings. (took 4s.598ms)

