21:22:16 **** Incremental Build of configuration Debug for project Exercise4 ****
make all 
Building file: ../Exercise4.c
Invoking: AVR Compiler
avr-gcc -Wall -g2 -gstabs -O0 -fpack-struct -fshort-enums -ffunction-sections -fdata-sections -std=gnu99 -funsigned-char -funsigned-bitfields -mmcu=atmega32 -DF_CPU=8000000UL -MMD -MP -MF"Exercise4.d" -MT"Exercise4.o" -c -o "Exercise4.o" "../Exercise4.c"
In file included from ../Exercise4.c:9:
c:/winavr-20100110/lib/gcc/../../avr/include/util/delay.h:90:3: warning: #warning "Compiler optimizations disabled; functions from <util/delay.h> won't work as designed"
Finished building: ../Exercise4.c
 
Building target: Exercise4.elf
Invoking: AVR C Linker
avr-gcc -Wl,-Map,Exercise4.map -mmcu=atmega32 -o "Exercise4.elf"  ./Exercise4.o   
Finished building target: Exercise4.elf
 
Invoking: AVR Create Extended Listing
avr-objdump -h -S Exercise4.elf  >"Exercise4.lss"
Finished building: Exercise4.lss
 
Invoking: Print Size
avr-size --format=avr --mcu=atmega32 Exercise4.elf
AVR Memory Usage
----------------
Device: atmega32

Program:    4044 bytes (12.3% Full)
(.text + .data + .bootloader)

Data:          8 bytes (0.4% Full)
(.data + .bss + .noinit)


Finished building: sizedummy
 

21:22:17 Build Finished. 0 errors, 1 warnings. (took 1s.889ms)

